<?xml version="1.0" encoding="UTF-8"?>
<!-- Generated by org.testng.reporters.JUnitReportReporter -->
<testsuite hostname="LTIN518331" failures="0" tests="4" name="testCases.TC_01" time="212.467" errors="0" timestamp="2024-06-07T14:04:03 IST" skipped="0">
  <testcase classname="testCases.TC_01" name="checkLocations" time="35.779"/>
  <testcase classname="testCases.TC_01" name="checkSpecialist" time="2.195"/>
  <testcase classname="testCases.TC_01" name="checkUrl" time="0.234"/>
  <testcase classname="testCases.TC_01" name="checkDoctorDetials" time="174.259"/>
</testsuite> <!-- testCases.TC_01 -->
