<?xml version="1.0" encoding="UTF-8"?>
<!-- Generated by org.testng.reporters.JUnitReportReporter -->
<testsuite hostname="LTIN518331" failures="0" tests="2" name="testCases.TC_02" time="12.459" errors="0" timestamp="2024-06-07T14:04:03 IST" skipped="0">
  <testcase classname="testCases.TC_02" name="checkSurgiersPageOpened" time="11.888"/>
  <testcase classname="testCases.TC_02" name="printSurgeries" time="0.571"/>
</testsuite> <!-- testCases.TC_02 -->
