<?xml version="1.0" encoding="UTF-8"?>
<!-- Generated by org.testng.reporters.JUnitReportReporter -->
<testsuite hostname="LTIN518331" failures="0" tests="2" name="testCases.TC_03" time="35.314" errors="0" timestamp="2024-06-07T14:04:03 IST" skipped="0">
  <testcase classname="testCases.TC_03" name="checkDemoPageOpened" time="34.508"/>
  <testcase classname="testCases.TC_03" name="validateForm_Invalid_Detials" time="0.806"/>
</testsuite> <!-- testCases.TC_03 -->
